[0.011s] Invoking command in '/home/malte/Desktop/Work/Development/path_planner/path_planner/build/path_planner': DEBUGINFOD_URLS=https://debuginfod.ubuntu.com /usr/bin/cmake --build /home/malte/Desktop/Work/Development/path_planner/path_planner/build/path_planner -- -j22 -l22
[0.048s] -- Found ament_cmake: 2.5.4 (/opt/ros/jazzy/share/ament_cmake/cmake)
[2.650s] Traceback (most recent call last):
[2.650s]   File "/opt/ros/jazzy/share/ament_cmake_core/cmake/package_templates/templates_2_cmake.py", line 21, in <module>
[2.650s]     from ament_package.templates import get_environment_hook_template_path
[2.650s] ModuleNotFoundError: No module named 'ament_package'
[2.690s] [31mCMake Error at /opt/ros/jazzy/share/ament_cmake_core/cmake/ament_cmake_package_templates-extras.cmake:41 (message):
[2.690s]   execute_process(/usr/bin/python3
[2.691s]   /opt/ros/jazzy/share/ament_cmake_core/cmake/package_templates/templates_2_cmake.py
[2.691s]   /home/malte/Desktop/Work/Development/path_planner/path_planner/build/path_planner/ament_cmake_package_templates/templates.cmake)
[2.691s]   returned error code 1
[2.691s] Call Stack (most recent call first):
[2.691s]   /opt/ros/jazzy/share/ament_cmake_core/cmake/ament_cmake_coreConfig.cmake:41 (include)
[2.691s]   /opt/ros/jazzy/share/ament_cmake/cmake/ament_cmake_export_dependencies-extras.cmake:15 (find_package)
[2.691s]   /opt/ros/jazzy/share/ament_cmake/cmake/ament_cmakeConfig.cmake:41 (include)
[2.691s]   CMakeLists.txt:9 (find_package)
[2.691s] 
[2.691s] [0m
[2.692s] -- Configuring incomplete, errors occurred!
[2.695s] gmake: *** [Makefile:267: cmake_check_build_system] Error 1
[2.699s] Invoked command in '/home/malte/Desktop/Work/Development/path_planner/path_planner/build/path_planner' returned '2': DEBUGINFOD_URLS=https://debuginfod.ubuntu.com /usr/bin/cmake --build /home/malte/Desktop/Work/Development/path_planner/path_planner/build/path_planner -- -j22 -l22
